[I 08:40:56.601 NotebookApp] Loading IPython parallel extension
[I 08:40:56.681 NotebookApp] [jupyter_nbextensions_configurator] enabled 0.4.1
[W 08:40:57.397 NotebookApp] Error loading server extension nbdime
    Traceback (most recent call last):
      File "/users/modellers/gdal/miniconda3/envs/OLTraj/lib/python3.7/site-packages/jupyter_server/serverapp.py", line 50, in <module>
        assert tornado.version_info >= MIN_TORNADO
    AssertionError
    
    The above exception was the direct cause of the following exception:
    
    Traceback (most recent call last):
      File "/users/modellers/gdal/miniconda3/envs/OLTraj/lib/python3.7/site-packages/notebook/notebookapp.py", line 1945, in init_server_extensions
        func(self)
      File "/users/modellers/gdal/miniconda3/envs/OLTraj/lib/python3.7/site-packages/nbdime/__init__.py", line 15, in load_jupyter_server_extension
        from .webapp.nb_server_extension import _load_jupyter_server_extension
      File "/users/modellers/gdal/miniconda3/envs/OLTraj/lib/python3.7/site-packages/nbdime/webapp/nb_server_extension.py", line 49, in <module>
        from .nbdimeserver import (
      File "/users/modellers/gdal/miniconda3/envs/OLTraj/lib/python3.7/site-packages/nbdime/webapp/nbdimeserver.py", line 16, in <module>
        from jupyter_server_mathjax.app import STATIC_ASSETS_PATH
      File "/users/modellers/gdal/miniconda3/envs/OLTraj/lib/python3.7/site-packages/jupyter_server_mathjax/__init__.py", line 4, in <module>
        from .app import MathJaxExtension
      File "/users/modellers/gdal/miniconda3/envs/OLTraj/lib/python3.7/site-packages/jupyter_server_mathjax/app.py", line 9, in <module>
        from jupyter_server.extension.application import ExtensionApp
      File "/users/modellers/gdal/miniconda3/envs/OLTraj/lib/python3.7/site-packages/jupyter_server/extension/application.py", line 20, in <module>
        from jupyter_server.serverapp import ServerApp
      File "/users/modellers/gdal/miniconda3/envs/OLTraj/lib/python3.7/site-packages/jupyter_server/serverapp.py", line 52, in <module>
        raise ImportError(_i18n("The Jupyter Server requires tornado >=%s.%s.%s") % MIN_TORNADO) from e
    ImportError: The Jupyter Server requires tornado >=6.1.0
[I 08:40:57.472 NotebookApp] Serving notebooks from local directory: /fast_scratch/BGCArgo_plot/source_QC/BBP_RTQC
[I 08:40:57.472 NotebookApp] Jupyter Notebook 6.1.5 is running at:
[I 08:40:57.472 NotebookApp] http://localhost:8889/?token=15f184cddae5fa1163c889cd6fb1b0a55fe97662ca304d0a
[I 08:40:57.472 NotebookApp]  or http://127.0.0.1:8889/?token=15f184cddae5fa1163c889cd6fb1b0a55fe97662ca304d0a
[I 08:40:57.472 NotebookApp] Use Control-C to stop this server and shut down all kernels (twice to skip confirmation).
[C 08:40:57.499 NotebookApp] 
    
    To access the notebook, open this file in a browser:
        file:///users/modellers/gdal/.local/share/jupyter/runtime/nbserver-20452-open.html
    Or copy and paste one of these URLs:
        http://localhost:8889/?token=15f184cddae5fa1163c889cd6fb1b0a55fe97662ca304d0a
     or http://127.0.0.1:8889/?token=15f184cddae5fa1163c889cd6fb1b0a55fe97662ca304d0a
[I 08:41:27.103 NotebookApp] 302 GET /?token=15f184cddae5fa1163c889cd6fb1b0a55fe97662ca304d0a (::1) 1.57ms
[W 08:41:35.599 NotebookApp] [jupyter_nbextensions_configurator] nbextension 'addbefore/main' has duplicate listings in both '/users/modellers/gdal/miniconda3/envs/OLTraj/share/jupyter/nbextensions/addbefore/addbefore.yaml' and '/users/modellers/gdal/.local/share/jupyter/nbextensions/addbefore/addbefore.yaml'
[W 08:41:35.611 NotebookApp] [jupyter_nbextensions_configurator] nbextension 'autosavetime/main' has duplicate listings in both '/users/modellers/gdal/miniconda3/envs/OLTraj/share/jupyter/nbextensions/autosavetime/autosavetime.yaml' and '/users/modellers/gdal/.local/share/jupyter/nbextensions/autosavetime/autosavetime.yaml'
[W 08:41:35.628 NotebookApp] [jupyter_nbextensions_configurator] nbextension 'autoscroll/main' has duplicate listings in both '/users/modellers/gdal/miniconda3/envs/OLTraj/share/jupyter/nbextensions/autoscroll/autoscroll.yaml' and '/users/modellers/gdal/.local/share/jupyter/nbextensions/autoscroll/autoscroll.yaml'
[W 08:41:35.648 NotebookApp] [jupyter_nbextensions_configurator] nbextension 'cell_filter/cell_filter' has duplicate listings in both '/users/modellers/gdal/miniconda3/envs/OLTraj/share/jupyter/nbextensions/cell_filter/cell_filter.yml' and '/users/modellers/gdal/.local/share/jupyter/nbextensions/cell_filter/cell_filter.yml'
[W 08:41:35.649 NotebookApp] [jupyter_nbextensions_configurator] nbextension 'code_font_size/code_font_size' has duplicate listings in both '/users/modellers/gdal/miniconda3/envs/OLTraj/share/jupyter/nbextensions/code_font_size/code_font_size.yaml' and '/users/modellers/gdal/.local/share/jupyter/nbextensions/code_font_size/code_font_size.yaml'
[W 08:41:35.671 NotebookApp] [jupyter_nbextensions_configurator] nbextension 'code_prettify/2to3' has duplicate listings in both '/users/modellers/gdal/miniconda3/envs/OLTraj/share/jupyter/nbextensions/code_prettify/2to3.yaml' and '/users/modellers/gdal/.local/share/jupyter/nbextensions/code_prettify/2to3.yaml'
[W 08:41:35.673 NotebookApp] [jupyter_nbextensions_configurator] nbextension 'code_prettify/autopep8' has duplicate listings in both '/users/modellers/gdal/miniconda3/envs/OLTraj/share/jupyter/nbextensions/code_prettify/autopep8.yaml' and '/users/modellers/gdal/.local/share/jupyter/nbextensions/code_prettify/autopep8.yaml'
[W 08:41:35.680 NotebookApp] [jupyter_nbextensions_configurator] nbextension 'code_prettify/code_prettify' has duplicate listings in both '/users/modellers/gdal/miniconda3/envs/OLTraj/share/jupyter/nbextensions/code_prettify/code_prettify.yaml' and '/users/modellers/gdal/.local/share/jupyter/nbextensions/code_prettify/code_prettify.yaml'
[W 08:41:35.683 NotebookApp] [jupyter_nbextensions_configurator] nbextension 'code_prettify/isort' has duplicate listings in both '/users/modellers/gdal/miniconda3/envs/OLTraj/share/jupyter/nbextensions/code_prettify/isort.yaml' and '/users/modellers/gdal/.local/share/jupyter/nbextensions/code_prettify/isort.yaml'
[W 08:41:35.707 NotebookApp] [jupyter_nbextensions_configurator] nbextension 'codefolding/main' has duplicate listings in both '/users/modellers/gdal/miniconda3/envs/OLTraj/share/jupyter/nbextensions/codefolding/codefolding.yaml' and '/users/modellers/gdal/.local/share/jupyter/nbextensions/codefolding/codefolding.yaml'
[W 08:41:35.708 NotebookApp] [jupyter_nbextensions_configurator] nbextension 'codefolding/edit' has duplicate listings in both '/users/modellers/gdal/miniconda3/envs/OLTraj/share/jupyter/nbextensions/codefolding/codefolding_editor.yaml' and '/users/modellers/gdal/.local/share/jupyter/nbextensions/codefolding/codefolding_editor.yaml'
[W 08:41:35.709 NotebookApp] [jupyter_nbextensions_configurator] nbextension 'codemirror_mode_extensions/main' has duplicate listings in both '/users/modellers/gdal/miniconda3/envs/OLTraj/share/jupyter/nbextensions/codemirror_mode_extensions/codemirror_mode_extensions.yaml' and '/users/modellers/gdal/.local/share/jupyter/nbextensions/codemirror_mode_extensions/codemirror_mode_extensions.yaml'
[W 08:41:35.712 NotebookApp] [jupyter_nbextensions_configurator] nbextension 'collapsible_headings/main' has duplicate listings in both '/users/modellers/gdal/miniconda3/envs/OLTraj/share/jupyter/nbextensions/collapsible_headings/collapsible_headings.yaml' and '/users/modellers/gdal/.local/share/jupyter/nbextensions/collapsible_headings/collapsible_headings.yaml'
[W 08:41:35.714 NotebookApp] [jupyter_nbextensions_configurator] nbextension 'comment-uncomment/main' has duplicate listings in both '/users/modellers/gdal/miniconda3/envs/OLTraj/share/jupyter/nbextensions/comment-uncomment/comment-uncomment.yaml' and '/users/modellers/gdal/.local/share/jupyter/nbextensions/comment-uncomment/comment-uncomment.yaml'
[W 08:41:35.715 NotebookApp] [jupyter_nbextensions_configurator] nbextension 'contrib_nbextensions_help_item/main' has duplicate listings in both '/users/modellers/gdal/miniconda3/envs/OLTraj/share/jupyter/nbextensions/contrib_nbextensions_help_item/contrib_nbextensions_help_item.yaml' and '/users/modellers/gdal/.local/share/jupyter/nbextensions/contrib_nbextensions_help_item/contrib_nbextensions_help_item.yaml'
[W 08:41:35.717 NotebookApp] [jupyter_nbextensions_configurator] nbextension 'datestamper/main' has duplicate listings in both '/users/modellers/gdal/miniconda3/envs/OLTraj/share/jupyter/nbextensions/datestamper/main.yaml' and '/users/modellers/gdal/.local/share/jupyter/nbextensions/datestamper/main.yaml'
[W 08:41:35.718 NotebookApp] [jupyter_nbextensions_configurator] nbextension 'equation-numbering/main' has duplicate listings in both '/users/modellers/gdal/miniconda3/envs/OLTraj/share/jupyter/nbextensions/equation-numbering/info.yaml' and '/users/modellers/gdal/.local/share/jupyter/nbextensions/equation-numbering/info.yaml'
[W 08:41:35.722 NotebookApp] [jupyter_nbextensions_configurator] nbextension 'execute_time/ExecuteTime' has duplicate listings in both '/users/modellers/gdal/miniconda3/envs/OLTraj/share/jupyter/nbextensions/execute_time/ExecuteTime.yaml' and '/users/modellers/gdal/.local/share/jupyter/nbextensions/execute_time/ExecuteTime.yaml'
[W 08:41:35.724 NotebookApp] [jupyter_nbextensions_configurator] nbextension 'execution_dependencies/execution_dependencies' has duplicate listings in both '/users/modellers/gdal/miniconda3/envs/OLTraj/share/jupyter/nbextensions/execution_dependencies/execution_dependencies.yml' and '/users/modellers/gdal/.local/share/jupyter/nbextensions/execution_dependencies/execution_dependencies.yml'
[W 08:41:35.726 NotebookApp] [jupyter_nbextensions_configurator] nbextension 'exercise/main' has duplicate listings in both '/users/modellers/gdal/miniconda3/envs/OLTraj/share/jupyter/nbextensions/exercise/exercise.yaml' and '/users/modellers/gdal/.local/share/jupyter/nbextensions/exercise/exercise.yaml'
[W 08:41:35.728 NotebookApp] [jupyter_nbextensions_configurator] nbextension 'exercise2/main' has duplicate listings in both '/users/modellers/gdal/miniconda3/envs/OLTraj/share/jupyter/nbextensions/exercise2/exercise2.yaml' and '/users/modellers/gdal/.local/share/jupyter/nbextensions/exercise2/exercise2.yaml'
[W 08:41:35.752 NotebookApp] [jupyter_nbextensions_configurator] nbextension 'export_embedded/main' has duplicate listings in both '/users/modellers/gdal/miniconda3/envs/OLTraj/share/jupyter/nbextensions/export_embedded/export_embedded.yaml' and '/users/modellers/gdal/.local/share/jupyter/nbextensions/export_embedded/export_embedded.yaml'
[W 08:41:35.753 NotebookApp] [jupyter_nbextensions_configurator] nbextension 'freeze/main' has duplicate listings in both '/users/modellers/gdal/miniconda3/envs/OLTraj/share/jupyter/nbextensions/freeze/config.yaml' and '/users/modellers/gdal/.local/share/jupyter/nbextensions/freeze/config.yaml'
[W 08:41:35.775 NotebookApp] [jupyter_nbextensions_configurator] nbextension 'gist_it/main' has duplicate listings in both '/users/modellers/gdal/miniconda3/envs/OLTraj/share/jupyter/nbextensions/gist_it/gist_it.yaml' and '/users/modellers/gdal/.local/share/jupyter/nbextensions/gist_it/gist_it.yaml'
[W 08:41:35.786 NotebookApp] [jupyter_nbextensions_configurator] nbextension 'help_panel/help_panel' has duplicate listings in both '/users/modellers/gdal/miniconda3/envs/OLTraj/share/jupyter/nbextensions/help_panel/help_panel.yaml' and '/users/modellers/gdal/.local/share/jupyter/nbextensions/help_panel/help_panel.yaml'
[W 08:41:35.788 NotebookApp] [jupyter_nbextensions_configurator] nbextension 'hide_header/main' has duplicate listings in both '/users/modellers/gdal/miniconda3/envs/OLTraj/share/jupyter/nbextensions/hide_header/hide_header.yaml' and '/users/modellers/gdal/.local/share/jupyter/nbextensions/hide_header/hide_header.yaml'
[W 08:41:35.789 NotebookApp] [jupyter_nbextensions_configurator] nbextension 'hide_input/main' has duplicate listings in both '/users/modellers/gdal/miniconda3/envs/OLTraj/share/jupyter/nbextensions/hide_input/hide-input.yaml' and '/users/modellers/gdal/.local/share/jupyter/nbextensions/hide_input/hide-input.yaml'
[W 08:41:35.789 NotebookApp] [jupyter_nbextensions_configurator] nbextension 'hide_input_all/main' has duplicate listings in both '/users/modellers/gdal/miniconda3/envs/OLTraj/share/jupyter/nbextensions/hide_input_all/hide_input_all.yaml' and '/users/modellers/gdal/.local/share/jupyter/nbextensions/hide_input_all/hide_input_all.yaml'
[W 08:41:35.794 NotebookApp] [jupyter_nbextensions_configurator] nbextension 'highlight_selected_word/main' has duplicate listings in both '/users/modellers/gdal/miniconda3/envs/OLTraj/share/jupyter/nbextensions/highlight_selected_word/configurator.yaml' and '/users/modellers/gdal/.local/share/jupyter/nbextensions/highlight_selected_word/configurator.yaml'
[W 08:41:35.811 NotebookApp] [jupyter_nbextensions_configurator] nbextension 'highlighter/highlighter' has duplicate listings in both '/users/modellers/gdal/miniconda3/envs/OLTraj/share/jupyter/nbextensions/highlighter/highlighter.yaml' and '/users/modellers/gdal/.local/share/jupyter/nbextensions/highlighter/highlighter.yaml'
[W 08:41:35.813 NotebookApp] [jupyter_nbextensions_configurator] nbextension 'hinterland/hinterland' has duplicate listings in both '/users/modellers/gdal/miniconda3/envs/OLTraj/share/jupyter/nbextensions/hinterland/hinterland.yaml' and '/users/modellers/gdal/.local/share/jupyter/nbextensions/hinterland/hinterland.yaml'
[W 08:41:35.829 NotebookApp] [jupyter_nbextensions_configurator] nbextension 'init_cell/main' has duplicate listings in both '/users/modellers/gdal/miniconda3/envs/OLTraj/share/jupyter/nbextensions/init_cell/init_cell.yaml' and '/users/modellers/gdal/.local/share/jupyter/nbextensions/init_cell/init_cell.yaml'
[W 08:41:35.832 NotebookApp] [jupyter_nbextensions_configurator] nbextension 'keyboard_shortcut_editor/main' has duplicate listings in both '/users/modellers/gdal/miniconda3/envs/OLTraj/share/jupyter/nbextensions/keyboard_shortcut_editor/keyboard_shortcut_editor.yaml' and '/users/modellers/gdal/.local/share/jupyter/nbextensions/keyboard_shortcut_editor/keyboard_shortcut_editor.yaml'
[W 08:41:35.834 NotebookApp] [jupyter_nbextensions_configurator] nbextension 'latex_envs/latex_envs' has duplicate listings in both '/users/modellers/gdal/miniconda3/envs/OLTraj/share/jupyter/nbextensions/latex_envs/latex_envs.yaml' and '/users/modellers/gdal/.local/share/jupyter/nbextensions/latex_envs/latex_envs.yaml'
[W 08:41:35.852 NotebookApp] [jupyter_nbextensions_configurator] nbextension 'limit_output/main' has duplicate listings in both '/users/modellers/gdal/miniconda3/envs/OLTraj/share/jupyter/nbextensions/limit_output/limit-output.yaml' and '/users/modellers/gdal/.local/share/jupyter/nbextensions/limit_output/limit-output.yaml'
[W 08:41:35.853 NotebookApp] [jupyter_nbextensions_configurator] nbextension 'livemdpreview/livemdpreview' has duplicate listings in both '/users/modellers/gdal/miniconda3/envs/OLTraj/share/jupyter/nbextensions/livemdpreview/livemdpreview.yml' and '/users/modellers/gdal/.local/share/jupyter/nbextensions/livemdpreview/livemdpreview.yml'
[W 08:41:35.873 NotebookApp] [jupyter_nbextensions_configurator] nbextension 'load_tex_macros/main' has duplicate listings in both '/users/modellers/gdal/miniconda3/envs/OLTraj/share/jupyter/nbextensions/load_tex_macros/load_tex_macros.yaml' and '/users/modellers/gdal/.local/share/jupyter/nbextensions/load_tex_macros/load_tex_macros.yaml'
[W 08:41:35.874 NotebookApp] [jupyter_nbextensions_configurator] nbextension 'move_selected_cells/main' has duplicate listings in both '/users/modellers/gdal/miniconda3/envs/OLTraj/share/jupyter/nbextensions/move_selected_cells/move_selected_cells.yaml' and '/users/modellers/gdal/.local/share/jupyter/nbextensions/move_selected_cells/move_selected_cells.yaml'
[W 08:41:35.875 NotebookApp] [jupyter_nbextensions_configurator] nbextension 'navigation-hotkeys/main' has duplicate listings in both '/users/modellers/gdal/miniconda3/envs/OLTraj/share/jupyter/nbextensions/navigation-hotkeys/hotkeys.yaml' and '/users/modellers/gdal/.local/share/jupyter/nbextensions/navigation-hotkeys/hotkeys.yaml'
[W 08:41:35.891 NotebookApp] [jupyter_nbextensions_configurator] nbextension 'nbTranslate/main' has duplicate listings in both '/users/modellers/gdal/miniconda3/envs/OLTraj/share/jupyter/nbextensions/nbTranslate/nbTranslate.yaml' and '/users/modellers/gdal/.local/share/jupyter/nbextensions/nbTranslate/nbTranslate.yaml'
[W 08:41:35.893 NotebookApp] [jupyter_nbextensions_configurator] nbextension 'notify/notify' has duplicate listings in both '/users/modellers/gdal/miniconda3/envs/OLTraj/share/jupyter/nbextensions/notify/notify.yaml' and '/users/modellers/gdal/.local/share/jupyter/nbextensions/notify/notify.yaml'
[W 08:41:35.894 NotebookApp] [jupyter_nbextensions_configurator] nbextension 'printview/main' has duplicate listings in both '/users/modellers/gdal/miniconda3/envs/OLTraj/share/jupyter/nbextensions/printview/printview.yaml' and '/users/modellers/gdal/.local/share/jupyter/nbextensions/printview/printview.yaml'
[W 08:41:35.895 NotebookApp] [jupyter_nbextensions_configurator] nbextension 'python-markdown/main' has duplicate listings in both '/users/modellers/gdal/miniconda3/envs/OLTraj/share/jupyter/nbextensions/python-markdown/python-markdown.yaml' and '/users/modellers/gdal/.local/share/jupyter/nbextensions/python-markdown/python-markdown.yaml'
[W 08:41:35.896 NotebookApp] [jupyter_nbextensions_configurator] nbextension 'qtconsole/qtconsole' has duplicate listings in both '/users/modellers/gdal/miniconda3/envs/OLTraj/share/jupyter/nbextensions/qtconsole/qtconsole.yaml' and '/users/modellers/gdal/.local/share/jupyter/nbextensions/qtconsole/qtconsole.yaml'
[W 08:41:35.896 NotebookApp] [jupyter_nbextensions_configurator] nbextension 'rubberband/main' has duplicate listings in both '/users/modellers/gdal/miniconda3/envs/OLTraj/share/jupyter/nbextensions/rubberband/rubberband.yaml' and '/users/modellers/gdal/.local/share/jupyter/nbextensions/rubberband/rubberband.yaml'
[W 08:41:35.898 NotebookApp] [jupyter_nbextensions_configurator] nbextension 'ruler/main' has duplicate listings in both '/users/modellers/gdal/miniconda3/envs/OLTraj/share/jupyter/nbextensions/ruler/ruler.yaml' and '/users/modellers/gdal/.local/share/jupyter/nbextensions/ruler/ruler.yaml'
[W 08:41:35.899 NotebookApp] [jupyter_nbextensions_configurator] nbextension 'ruler/edit' has duplicate listings in both '/users/modellers/gdal/miniconda3/envs/OLTraj/share/jupyter/nbextensions/ruler/ruler_editor.yaml' and '/users/modellers/gdal/.local/share/jupyter/nbextensions/ruler/ruler_editor.yaml'
[W 08:41:35.901 NotebookApp] [jupyter_nbextensions_configurator] nbextension 'runtools/main' has duplicate listings in both '/users/modellers/gdal/miniconda3/envs/OLTraj/share/jupyter/nbextensions/runtools/runtools.yaml' and '/users/modellers/gdal/.local/share/jupyter/nbextensions/runtools/runtools.yaml'
[W 08:41:35.912 NotebookApp] [jupyter_nbextensions_configurator] nbextension 'scratchpad/main' has duplicate listings in both '/users/modellers/gdal/miniconda3/envs/OLTraj/share/jupyter/nbextensions/scratchpad/scratchpad.yaml' and '/users/modellers/gdal/.local/share/jupyter/nbextensions/scratchpad/scratchpad.yaml'
[W 08:41:35.913 NotebookApp] [jupyter_nbextensions_configurator] nbextension 'scroll_down/main' has duplicate listings in both '/users/modellers/gdal/miniconda3/envs/OLTraj/share/jupyter/nbextensions/scroll_down/config.yaml' and '/users/modellers/gdal/.local/share/jupyter/nbextensions/scroll_down/config.yaml'
[W 08:41:35.914 NotebookApp] [jupyter_nbextensions_configurator] nbextension 'select_keymap/main' has duplicate listings in both '/users/modellers/gdal/miniconda3/envs/OLTraj/share/jupyter/nbextensions/select_keymap/select_keymap.yaml' and '/users/modellers/gdal/.local/share/jupyter/nbextensions/select_keymap/select_keymap.yaml'
[W 08:41:35.915 NotebookApp] [jupyter_nbextensions_configurator] nbextension 'skill/main' has duplicate listings in both '/users/modellers/gdal/miniconda3/envs/OLTraj/share/jupyter/nbextensions/skill/skill.yaml' and '/users/modellers/gdal/.local/share/jupyter/nbextensions/skill/skill.yaml'
[W 08:41:35.916 NotebookApp] [jupyter_nbextensions_configurator] nbextension 'skip-traceback/main' has duplicate listings in both '/users/modellers/gdal/miniconda3/envs/OLTraj/share/jupyter/nbextensions/skip-traceback/skip-traceback.yaml' and '/users/modellers/gdal/.local/share/jupyter/nbextensions/skip-traceback/skip-traceback.yaml'
[W 08:41:35.933 NotebookApp] [jupyter_nbextensions_configurator] nbextension 'snippets/main' has duplicate listings in both '/users/modellers/gdal/miniconda3/envs/OLTraj/share/jupyter/nbextensions/snippets/snippets.yaml' and '/users/modellers/gdal/.local/share/jupyter/nbextensions/snippets/snippets.yaml'
[W 08:41:35.935 NotebookApp] [jupyter_nbextensions_configurator] nbextension 'snippets_menu/main' has duplicate listings in both '/users/modellers/gdal/miniconda3/envs/OLTraj/share/jupyter/nbextensions/snippets_menu/config.yaml' and '/users/modellers/gdal/.local/share/jupyter/nbextensions/snippets_menu/config.yaml'
[W 08:41:35.937 NotebookApp] [jupyter_nbextensions_configurator] nbextension 'spellchecker/main' has duplicate listings in both '/users/modellers/gdal/miniconda3/envs/OLTraj/share/jupyter/nbextensions/spellchecker/config.yaml' and '/users/modellers/gdal/.local/share/jupyter/nbextensions/spellchecker/config.yaml'
[W 08:41:35.937 NotebookApp] [jupyter_nbextensions_configurator] nbextension 'splitcell/splitcell' has duplicate listings in both '/users/modellers/gdal/miniconda3/envs/OLTraj/share/jupyter/nbextensions/splitcell/splitcell.yaml' and '/users/modellers/gdal/.local/share/jupyter/nbextensions/splitcell/splitcell.yaml'
[W 08:41:35.938 NotebookApp] [jupyter_nbextensions_configurator] nbextension 'table_beautifier/main' has duplicate listings in both '/users/modellers/gdal/miniconda3/envs/OLTraj/share/jupyter/nbextensions/table_beautifier/table_beautifier.yaml' and '/users/modellers/gdal/.local/share/jupyter/nbextensions/table_beautifier/table_beautifier.yaml'
[W 08:41:35.952 NotebookApp] [jupyter_nbextensions_configurator] nbextension 'toc2/main' has duplicate listings in both '/users/modellers/gdal/miniconda3/envs/OLTraj/share/jupyter/nbextensions/toc2/toc2.yaml' and '/users/modellers/gdal/.local/share/jupyter/nbextensions/toc2/toc2.yaml'
[W 08:41:35.953 NotebookApp] [jupyter_nbextensions_configurator] nbextension 'toggle_all_line_numbers/main' has duplicate listings in both '/users/modellers/gdal/miniconda3/envs/OLTraj/share/jupyter/nbextensions/toggle_all_line_numbers/main.yaml' and '/users/modellers/gdal/.local/share/jupyter/nbextensions/toggle_all_line_numbers/main.yaml'
[W 08:41:35.954 NotebookApp] [jupyter_nbextensions_configurator] nbextension 'tree-filter/index' has duplicate listings in both '/users/modellers/gdal/miniconda3/envs/OLTraj/share/jupyter/nbextensions/tree-filter/tree-filter.yaml' and '/users/modellers/gdal/.local/share/jupyter/nbextensions/tree-filter/tree-filter.yaml'
[W 08:41:35.966 NotebookApp] [jupyter_nbextensions_configurator] nbextension 'varInspector/main' has duplicate listings in both '/users/modellers/gdal/miniconda3/envs/OLTraj/share/jupyter/nbextensions/varInspector/varInspector.yaml' and '/users/modellers/gdal/.local/share/jupyter/nbextensions/varInspector/varInspector.yaml'
[W 08:41:35.967 NotebookApp] [jupyter_nbextensions_configurator] nbextension 'zenmode/main' has duplicate listings in both '/users/modellers/gdal/miniconda3/envs/OLTraj/share/jupyter/nbextensions/zenmode/zenmode.yaml' and '/users/modellers/gdal/.local/share/jupyter/nbextensions/zenmode/zenmode.yaml'
[W 08:41:49.005 NotebookApp] 404 POST /nbdime/api/isgit (::1) 23.46ms referer=http://127.0.0.1:8889/notebooks/bgc_argo_RTQC_plot_results.ipynb
[I 08:42:03.293 NotebookApp] Kernel started: 8ff4cfa4-c26c-4a39-a3ba-1fb02eff6159, name: python3
[I 08:44:44.613 NotebookApp] Saving file at /bgc_argo_RTQC_plot_results.ipynb
[I 08:50:38.997 NotebookApp] Saving file at /bgc_argo_RTQC_plot_results.ipynb
[I 10:01:53.422 NotebookApp] Starting buffering for 8ff4cfa4-c26c-4a39-a3ba-1fb02eff6159:7395d0e20e49438db909e699bc3df7e3
[C 10:26:56.648 NotebookApp] received signal 15, stopping
[I 10:26:56.658 NotebookApp] Shutting down 1 kernel
[I 10:26:57.260 NotebookApp] Kernel shutdown: 8ff4cfa4-c26c-4a39-a3ba-1fb02eff6159
[I 10:26:57.262 NotebookApp] Shutting down 0 terminals
